2025-05-30 11:35:25 INFO  SuiteSetup:32 - Configured Logger File
2025-05-30 11:35:27 INFO  ObjectRepository:19 - Login page object created
2025-05-30 11:35:27 INFO  Projects:37 - unable to click on academia to industry tab
2025-05-30 11:58:41 INFO  SuiteSetup:36 - Configured Logger File
2025-05-30 11:58:47 INFO  ObjectRepository:19 - Login page object created
2025-05-30 11:58:47 INFO  Projects:37 - unable to click on academia to industry tab
2025-05-30 12:21:57 INFO  SuiteSetup:36 - Configured Logger File
2025-05-30 12:22:05 INFO  ObjectRepository:19 - Login page object created
2025-05-30 12:22:05 INFO  Projects:37 - unable to click on academia to industry tab
2025-05-30 12:24:41 INFO  SuiteSetup:36 - Configured Logger File
2025-05-30 12:24:46 INFO  ObjectRepository:19 - Login page object created
2025-05-30 12:24:46 INFO  Projects:37 - unable to click on academia to industry tab
2025-05-30 12:26:39 INFO  SuiteSetup:36 - Configured Logger File
2025-05-30 12:26:43 INFO  ObjectRepository:19 - Login page object created
2025-05-30 12:26:43 INFO  Projects:37 - unable to click on academia to industry tab
2025-05-30 12:41:46 INFO  SuiteSetup:36 - Configured Logger File
2025-05-30 12:41:49 INFO  ObjectRepository:19 - Login page object created
2025-05-30 12:41:52 INFO  ExtentReportListener:26 - URL launched: https://eoi.coditas.org/
2025-05-30 12:41:52 INFO  Projects:37 - unable to click on academia to industry tab
2025-05-30 12:46:29 INFO  SuiteSetup:36 - Configured Logger File
2025-05-30 12:46:32 INFO  ObjectRepository:19 - Login page object created
2025-05-30 12:46:34 INFO  ExtentReportListener:26 - URL launched: https://eoi.coditas.org/
2025-05-30 12:46:35 INFO  Projects:35 - clicked on academia to industry tab
2025-05-30 12:47:17 INFO  SuiteSetup:36 - Configured Logger File
2025-05-30 12:47:20 INFO  ObjectRepository:19 - Login page object created
2025-05-30 12:47:21 INFO  ExtentReportListener:26 - URL launched: https://eoi.coditas.org/
2025-05-30 12:47:22 INFO  Projects:35 - clicked on academia to industry tab
2025-05-30 15:06:47 INFO  SuiteSetup:36 - Configured Logger File
2025-05-30 15:06:57 INFO  ObjectRepository:19 - Login page object created
2025-05-30 15:06:57 INFO  ExtentReportListener:26 - URL launched: https://eoi.coditas.org/
2025-05-30 15:07:00 INFO  Projects:35 - clicked on academia to industry tab
2025-06-02 18:27:11 INFO  SuiteSetup:36 - Configured Logger File
2025-06-02 18:27:16 INFO  ObjectRepository:19 - Login page object created
2025-06-02 18:27:21 INFO  ExtentReportListener:26 - URL launched: https://eoi.coditas.org/
2025-06-02 18:27:23 INFO  Projects:35 - clicked on academia to industry tab
2025-06-02 22:14:08 INFO  SuiteSetup:36 - Configured Logger File
2025-06-02 22:14:26 INFO  ObjectRepository:19 - Login page object created
2025-06-02 22:14:31 INFO  ExtentReportListener:26 - URL launched: https://eoi.coditas.org/
2025-06-02 22:14:32 INFO  Projects:40 - clicked on academia to industry tab
2025-06-02 22:17:13 INFO  Projects:50 - clicked on new chemical tab
2025-06-02 22:20:07 INFO  SuiteSetup:36 - Configured Logger File
2025-06-02 22:20:15 INFO  ObjectRepository:19 - Login page object created
2025-06-02 22:20:22 INFO  ExtentReportListener:26 - URL launched: https://eoi.coditas.org/
2025-06-02 22:20:23 INFO  Projects:40 - clicked on academia to industry tab
2025-06-02 22:20:24 INFO  Projects:50 - clicked on new chemical tab
2025-07-06 22:56:01 INFO  SuiteSetup:36 - Configured Logger File
2025-07-06 22:56:10 INFO  ObjectRepository:21 - Login page object created
2025-07-06 22:56:11 INFO  ExtentReportListener:36 - URL launched: https://eoi.coditas.org/
2025-07-06 22:56:12 INFO  Projects:47 - clicked on applicant sign up/sign in button
2025-07-06 23:20:12 INFO  SuiteSetup:37 - Configured Logger File
2025-07-06 23:20:15 INFO  ObjectRepository:21 - Login page object created
2025-07-06 23:20:15 INFO  ObjectRepository:30 - Login page object created
2025-07-06 23:20:16 INFO  ExtentReportListener:45 - URL launched: https://eoi.coditas.org/
2025-07-06 23:20:17 INFO  Projects:47 - clicked on applicant sign up/sign in button
2025-07-06 23:20:18 INFO  EntitySignIn:36 - clicked on Entity locker sign in button
2025-07-06 23:20:21 INFO  EntitySignIn:46 - Entered mobile number: 8149260522
2025-07-06 23:20:21 INFO  EntitySignIn:55 - Clicked on Next button
2025-07-06 23:20:22 INFO  EntitySignIn:64 - Entered profile pin: 747259
2025-07-06 23:20:23 INFO  EntitySignIn:55 - Clicked on Next button
2025-07-06 23:20:30 ERROR EntitySignIn:75 - Failed to enter OTP: null
2025-07-06 23:22:14 INFO  SuiteSetup:37 - Configured Logger File
2025-07-06 23:22:16 INFO  ObjectRepository:21 - Login page object created
2025-07-06 23:22:16 INFO  ObjectRepository:30 - Login page object created
2025-07-06 23:22:17 INFO  ExtentReportListener:45 - URL launched: https://eoi.coditas.org/
2025-07-06 23:22:18 INFO  Projects:47 - clicked on applicant sign up/sign in button
2025-07-06 23:22:18 INFO  EntitySignIn:36 - clicked on Entity locker sign in button
2025-07-06 23:22:21 INFO  EntitySignIn:46 - Entered mobile number: 8149260522
2025-07-06 23:22:21 INFO  EntitySignIn:55 - Clicked on Next button
2025-07-06 23:22:22 INFO  EntitySignIn:64 - Entered profile pin: 747259
2025-07-06 23:22:22 INFO  EntitySignIn:55 - Clicked on Next button
2025-07-06 23:22:34 INFO  EntitySignIn:73 - Entered OTP: 120346
2025-07-06 23:26:48 INFO  SuiteSetup:37 - Configured Logger File
2025-07-06 23:26:51 INFO  ObjectRepository:21 - Login page object created
2025-07-06 23:26:51 INFO  ObjectRepository:30 - Login page object created
2025-07-06 23:26:53 INFO  ExtentReportListener:45 - URL launched: https://eoi.coditas.org/
2025-07-06 23:26:54 INFO  Projects:47 - clicked on applicant sign up/sign in button
2025-07-06 23:26:54 INFO  EntitySignIn:38 - clicked on Entity locker sign in button
2025-07-06 23:26:58 INFO  EntitySignIn:48 - Entered mobile number: 8149260522
2025-07-06 23:26:58 INFO  EntitySignIn:57 - Clicked on Next button
2025-07-06 23:26:59 INFO  EntitySignIn:66 - Entered profile pin: 747259
2025-07-06 23:27:00 INFO  EntitySignIn:57 - Clicked on Next button
2025-07-06 23:27:11 INFO  EntitySignIn:75 - Entered OTP: 120346
2025-07-06 23:27:16 INFO  EntitySignIn:84 - Clicked on OTP submit button
2025-07-06 23:27:34 INFO  SuiteSetup:37 - Configured Logger File
2025-07-06 23:27:36 INFO  ObjectRepository:21 - Login page object created
2025-07-06 23:27:36 INFO  ObjectRepository:30 - Login page object created
2025-07-06 23:27:37 INFO  ExtentReportListener:45 - URL launched: https://eoi.coditas.org/
2025-07-06 23:27:38 INFO  Projects:47 - clicked on applicant sign up/sign in button
2025-07-06 23:27:38 INFO  EntitySignIn:38 - clicked on Entity locker sign in button
2025-07-06 23:27:41 INFO  EntitySignIn:48 - Entered mobile number: 8149260522
2025-07-06 23:27:42 INFO  EntitySignIn:57 - Clicked on Next button
2025-07-06 23:27:42 INFO  EntitySignIn:66 - Entered profile pin: 747259
2025-07-06 23:27:45 INFO  EntitySignIn:57 - Clicked on Next button
2025-07-06 23:28:04 ERROR EntitySignIn:77 - Failed to enter OTP: null
2025-07-06 23:29:00 INFO  SuiteSetup:37 - Configured Logger File
2025-07-06 23:29:02 INFO  ObjectRepository:21 - Login page object created
2025-07-06 23:29:02 INFO  ObjectRepository:30 - Login page object created
2025-07-06 23:29:03 INFO  ExtentReportListener:45 - URL launched: https://eoi.coditas.org/
2025-07-06 23:29:04 INFO  Projects:47 - clicked on applicant sign up/sign in button
2025-07-06 23:29:04 INFO  EntitySignIn:38 - clicked on Entity locker sign in button
2025-07-06 23:29:08 INFO  EntitySignIn:48 - Entered mobile number: 8149260522
2025-07-06 23:29:08 INFO  EntitySignIn:57 - Clicked on Next button
2025-07-06 23:29:09 INFO  EntitySignIn:66 - Entered profile pin: 747259
2025-07-06 23:29:09 INFO  EntitySignIn:57 - Clicked on Next button
2025-07-06 23:29:21 ERROR EntitySignIn:77 - Failed to enter OTP: null
2025-07-07 00:30:45 INFO  SuiteSetup:37 - Configured Logger File
2025-07-07 00:30:48 INFO  ObjectRepository:21 - Login page object created
2025-07-07 00:30:48 INFO  ObjectRepository:30 - Login page object created
2025-07-07 00:30:52 INFO  ExtentReportListener:45 - URL launched: https://eoi.coditas.org/
2025-07-07 00:30:53 INFO  Projects:47 - clicked on applicant sign up/sign in button
2025-07-07 00:30:53 INFO  EntitySignIn:38 - clicked on Entity locker sign in button
2025-07-07 00:30:57 INFO  EntitySignIn:48 - Entered mobile number: 8149260522
2025-07-07 00:30:57 INFO  EntitySignIn:57 - Clicked on Next button
2025-07-07 00:30:58 INFO  EntitySignIn:66 - Entered profile pin: 747259
2025-07-07 00:31:03 INFO  EntitySignIn:57 - Clicked on Next button
2025-07-07 00:31:34 ERROR EntitySignIn:77 - Failed to enter OTP: null
2025-07-07 00:37:09 INFO  SuiteSetup:37 - Configured Logger File
2025-07-07 00:37:12 INFO  ObjectRepository:21 - Login page object created
2025-07-07 00:37:12 INFO  ObjectRepository:30 - Login page object created
2025-07-07 00:37:13 INFO  ExtentReportListener:45 - URL launched: https://eoi.coditas.org/
2025-07-07 00:37:14 INFO  Projects:47 - clicked on applicant sign up/sign in button
2025-07-07 00:37:14 INFO  EntitySignIn:38 - clicked on Entity locker sign in button
2025-07-07 00:37:17 INFO  EntitySignIn:48 - Entered mobile number: 8149260522
2025-07-07 00:37:18 INFO  EntitySignIn:57 - Clicked on Next button
2025-07-07 00:37:19 INFO  EntitySignIn:66 - Entered profile pin: 747259
2025-07-07 00:37:22 INFO  EntitySignIn:57 - Clicked on Next button
2025-07-07 00:37:32 ERROR EntitySignIn:87 - Failed to check if OTP input is displayed: no such element: Unable to locate element: {"method":"css selector","selector":"#a_otp_1"}
  (Session info: chrome=137.0.7151.122)
For documentation on this error, please visit: https://www.selenium.dev/documentation/webdriver/troubleshooting/errors#no-such-element-exception
Build info: version: '4.33.0', revision: '2c6aaad03a'
System info: os.name: 'Windows 10', os.arch: 'amd64', os.version: '10.0', java.version: '17.0.0.1'
Driver info: org.openqa.selenium.chrome.ChromeDriver
Command: [57d512de9dad8a0a07dc8e20a156c1d4, findElement {value=a_otp_1, using=id}]
Capabilities {acceptInsecureCerts: false, browserName: chrome, browserVersion: 137.0.7151.122, chrome: {chromedriverVersion: 137.0.7151.119 (e0ac9d12dff..., userDataDir: C:\Users\CODITA~1\AppData\L...}, fedcm:accounts: true, goog:chromeOptions: {debuggerAddress: localhost:56115}, networkConnectionEnabled: false, pageLoadStrategy: normal, platformName: windows, proxy: Proxy(), se:cdp: ws://localhost:56115/devtoo..., se:cdpVersion: 137.0.7151.122, setWindowRect: true, strictFileInteractability: false, timeouts: {implicit: 0, pageLoad: 300000, script: 30000}, unhandledPromptBehavior: dismiss and notify, webauthn:extension:credBlob: true, webauthn:extension:largeBlob: true, webauthn:extension:minPinLength: true, webauthn:extension:prf: true, webauthn:virtualAuthenticators: true}
Session ID: 57d512de9dad8a0a07dc8e20a156c1d4
2025-07-07 00:42:07 INFO  SuiteSetup:37 - Configured Logger File
2025-07-07 00:42:09 INFO  ObjectRepository:21 - Login page object created
2025-07-07 00:42:09 INFO  ObjectRepository:30 - Login page object created
2025-07-07 00:42:10 INFO  ExtentReportListener:45 - URL launched: https://eoi.coditas.org/
2025-07-07 00:42:11 INFO  Projects:47 - clicked on applicant sign up/sign in button
2025-07-07 00:42:11 INFO  EntitySignIn:40 - clicked on Entity locker sign in button
2025-07-07 00:42:15 INFO  EntitySignIn:50 - Entered mobile number: 8149260522
2025-07-07 00:42:16 INFO  EntitySignIn:59 - Clicked on Next button
2025-07-07 00:42:16 INFO  EntitySignIn:68 - Entered profile pin: 747259
2025-07-07 00:42:20 INFO  EntitySignIn:59 - Clicked on Next button
2025-07-07 00:42:31 INFO  EntitySignIn:89 - OTP input not displayed (optional): no such element: Unable to locate element: {"method":"css selector","selector":"#a_otp_1"}
  (Session info: chrome=137.0.7151.122)
For documentation on this error, please visit: https://www.selenium.dev/documentation/webdriver/troubleshooting/errors#no-such-element-exception
Build info: version: '4.33.0', revision: '2c6aaad03a'
System info: os.name: 'Windows 10', os.arch: 'amd64', os.version: '10.0', java.version: '17.0.0.1'
Driver info: org.openqa.selenium.chrome.ChromeDriver
Command: [ac6fa59792aea2a33318b8f0fe216e01, findElement {value=a_otp_1, using=id}]
Capabilities {acceptInsecureCerts: false, browserName: chrome, browserVersion: 137.0.7151.122, chrome: {chromedriverVersion: 137.0.7151.119 (e0ac9d12dff..., userDataDir: C:\Users\CODITA~1\AppData\L...}, fedcm:accounts: true, goog:chromeOptions: {debuggerAddress: localhost:56534}, networkConnectionEnabled: false, pageLoadStrategy: normal, platformName: windows, proxy: Proxy(), se:cdp: ws://localhost:56534/devtoo..., se:cdpVersion: 137.0.7151.122, setWindowRect: true, strictFileInteractability: false, timeouts: {implicit: 0, pageLoad: 300000, script: 30000}, unhandledPromptBehavior: dismiss and notify, webauthn:extension:credBlob: true, webauthn:extension:largeBlob: true, webauthn:extension:minPinLength: true, webauthn:extension:prf: true, webauthn:virtualAuthenticators: true}
Session ID: ac6fa59792aea2a33318b8f0fe216e01
2025-07-07 00:50:44 INFO  SuiteSetup:37 - Configured Logger File
2025-07-07 00:50:47 INFO  ObjectRepository:21 - Login page object created
2025-07-07 00:50:47 INFO  ObjectRepository:30 - Login page object created
2025-07-07 00:50:47 INFO  ExtentReportListener:45 - URL launched: https://eoi.coditas.org/
2025-07-07 00:50:49 INFO  Projects:47 - clicked on applicant sign up/sign in button
2025-07-07 00:50:49 INFO  EntitySignIn:40 - clicked on Entity locker sign in button
2025-07-07 00:50:52 INFO  EntitySignIn:50 - Entered mobile number: 8149260522
2025-07-07 00:50:52 INFO  EntitySignIn:59 - Clicked on Next button
2025-07-07 00:50:52 INFO  EntitySignIn:68 - Entered profile pin: 747259
2025-07-07 00:50:56 INFO  EntitySignIn:59 - Clicked on Next button
2025-07-07 00:51:06 INFO  EntitySignIn:89 - OTP input not displayed : no such element: Unable to locate element: {"method":"css selector","selector":"#a_otp_1"}
  (Session info: chrome=137.0.7151.122)
For documentation on this error, please visit: https://www.selenium.dev/documentation/webdriver/troubleshooting/errors#no-such-element-exception
Build info: version: '4.33.0', revision: '2c6aaad03a'
System info: os.name: 'Windows 10', os.arch: 'amd64', os.version: '10.0', java.version: '17.0.0.1'
Driver info: org.openqa.selenium.chrome.ChromeDriver
Command: [39e749a4e9076d9ac4f41537b3e6d6cc, findElement {value=a_otp_1, using=id}]
Capabilities {acceptInsecureCerts: false, browserName: chrome, browserVersion: 137.0.7151.122, chrome: {chromedriverVersion: 137.0.7151.119 (e0ac9d12dff..., userDataDir: C:\Users\CODITA~1\AppData\L...}, fedcm:accounts: true, goog:chromeOptions: {debuggerAddress: localhost:59398}, networkConnectionEnabled: false, pageLoadStrategy: normal, platformName: windows, proxy: Proxy(), se:cdp: ws://localhost:59398/devtoo..., se:cdpVersion: 137.0.7151.122, setWindowRect: true, strictFileInteractability: false, timeouts: {implicit: 0, pageLoad: 300000, script: 30000}, unhandledPromptBehavior: dismiss and notify, webauthn:extension:credBlob: true, webauthn:extension:largeBlob: true, webauthn:extension:minPinLength: true, webauthn:extension:prf: true, webauthn:virtualAuthenticators: true}
Session ID: 39e749a4e9076d9ac4f41537b3e6d6cc
2025-07-07 00:57:47 INFO  SuiteSetup:37 - Configured Logger File
2025-07-07 00:57:49 INFO  ObjectRepository:21 - Login page object created
2025-07-07 00:57:49 INFO  ObjectRepository:30 - Login page object created
2025-07-07 00:57:50 INFO  ExtentReportListener:45 - URL launched: https://eoi.coditas.org/
2025-07-07 00:57:51 INFO  Projects:47 - clicked on applicant sign up/sign in button
2025-07-07 00:57:51 INFO  EntitySignIn:40 - clicked on Entity locker sign in button
2025-07-07 00:57:54 INFO  EntitySignIn:50 - Entered mobile number: 8149260522
2025-07-07 00:57:54 INFO  EntitySignIn:59 - Clicked on Next button
2025-07-07 00:57:55 INFO  EntitySignIn:68 - Entered profile pin: 747259
2025-07-07 00:57:58 INFO  EntitySignIn:59 - Clicked on Next button
2025-07-07 00:58:08 INFO  EntitySignIn:89 - OTP input not displayed : no such element: Unable to locate element: {"method":"css selector","selector":"#a_otp_1"}
  (Session info: chrome=137.0.7151.122)
For documentation on this error, please visit: https://www.selenium.dev/documentation/webdriver/troubleshooting/errors#no-such-element-exception
Build info: version: '4.33.0', revision: '2c6aaad03a'
System info: os.name: 'Windows 10', os.arch: 'amd64', os.version: '10.0', java.version: '17.0.0.1'
Driver info: org.openqa.selenium.chrome.ChromeDriver
Command: [6aabd0ce81614a9d2a7de7d682ca88a3, findElement {using=id, value=a_otp_1}]
Capabilities {acceptInsecureCerts: false, browserName: chrome, browserVersion: 137.0.7151.122, chrome: {chromedriverVersion: 137.0.7151.119 (e0ac9d12dff..., userDataDir: C:\Users\CODITA~1\AppData\L...}, fedcm:accounts: true, goog:chromeOptions: {debuggerAddress: localhost:59946}, networkConnectionEnabled: false, pageLoadStrategy: normal, platformName: windows, proxy: Proxy(), se:cdp: ws://localhost:59946/devtoo..., se:cdpVersion: 137.0.7151.122, setWindowRect: true, strictFileInteractability: false, timeouts: {implicit: 0, pageLoad: 300000, script: 30000}, unhandledPromptBehavior: dismiss and notify, webauthn:extension:credBlob: true, webauthn:extension:largeBlob: true, webauthn:extension:minPinLength: true, webauthn:extension:prf: true, webauthn:virtualAuthenticators: true}
Session ID: 6aabd0ce81614a9d2a7de7d682ca88a3
2025-07-07 00:58:08 INFO  ExtentReportListener:45 - Test Passed: Login
2025-07-07 14:06:42 INFO  SuiteSetup:38 - Configured Logger File
2025-07-07 14:06:47 INFO  ObjectRepository:22 - Login page object created
2025-07-07 14:06:47 INFO  ObjectRepository:31 - Login page object created
2025-07-07 14:06:47 INFO  ObjectRepository:40 - Dashboard page object created
2025-07-07 14:06:48 INFO  ExtentReportListener:45 - URL launched: https://eoi.coditas.org/
2025-07-07 14:06:49 INFO  Projects:47 - clicked on applicant sign up/sign in button
2025-07-07 14:06:49 INFO  EntitySignIn:40 - clicked on Entity locker sign in button
2025-07-07 14:06:51 INFO  EntitySignIn:50 - Entered mobile number: 8149260522
2025-07-07 14:06:51 INFO  EntitySignIn:59 - Clicked on Next button
2025-07-07 14:06:51 INFO  EntitySignIn:68 - Entered profile pin: 747259
2025-07-07 14:06:55 INFO  EntitySignIn:59 - Clicked on Next button
2025-07-07 14:07:05 INFO  EntitySignIn:89 - OTP input not displayed : no such element: Unable to locate element: {"method":"css selector","selector":"#a_otp_1"}
  (Session info: chrome=137.0.7151.122)
For documentation on this error, please visit: https://www.selenium.dev/documentation/webdriver/troubleshooting/errors#no-such-element-exception
Build info: version: '4.33.0', revision: '2c6aaad03a'
System info: os.name: 'Windows 10', os.arch: 'amd64', os.version: '10.0', java.version: '17.0.0.1'
Driver info: org.openqa.selenium.chrome.ChromeDriver
Command: [9b9729fa09f40f3ed53d9245ebcd7342, findElement {using=id, value=a_otp_1}]
Capabilities {acceptInsecureCerts: false, browserName: chrome, browserVersion: 137.0.7151.122, chrome: {chromedriverVersion: 137.0.7151.119 (e0ac9d12dff..., userDataDir: C:\Users\CODITA~1\AppData\L...}, fedcm:accounts: true, goog:chromeOptions: {debuggerAddress: localhost:59712}, networkConnectionEnabled: false, pageLoadStrategy: normal, platformName: windows, proxy: Proxy(), se:cdp: ws://localhost:59712/devtoo..., se:cdpVersion: 137.0.7151.122, setWindowRect: true, strictFileInteractability: false, timeouts: {implicit: 0, pageLoad: 300000, script: 30000}, unhandledPromptBehavior: dismiss and notify, webauthn:extension:credBlob: true, webauthn:extension:largeBlob: true, webauthn:extension:minPinLength: true, webauthn:extension:prf: true, webauthn:virtualAuthenticators: true}
Session ID: 9b9729fa09f40f3ed53d9245ebcd7342
2025-07-07 14:07:05 INFO  ExtentReportListener:45 - Test Passed: Login
2025-07-07 14:07:05 INFO  Dashboard:31 - Clicked on Create Project
2025-07-07 14:07:08 INFO  Dashboard:40 - Entered project name: Development of a Scalable and Secure Cloud-Native Platform for Real-Time Analytics, Monitoring, and Automated Decision-Making Across Industries     650
2025-07-07 14:07:08 INFO  Dashboard:49 - Clicked on Save button
2025-07-07 14:07:08 INFO  ExtentReportListener:45 - Test Passed: CreateProject
2025-07-07 14:07:52 INFO  SuiteSetup:38 - Configured Logger File
2025-07-07 14:07:55 INFO  ObjectRepository:22 - Login page object created
2025-07-07 14:07:55 INFO  ObjectRepository:31 - Login page object created
2025-07-07 14:07:55 INFO  ObjectRepository:40 - Dashboard page object created
2025-07-07 14:07:56 INFO  ExtentReportListener:45 - URL launched: https://eoi.coditas.org/
2025-07-07 14:07:57 INFO  Projects:47 - clicked on applicant sign up/sign in button
2025-07-07 14:07:57 INFO  EntitySignIn:40 - clicked on Entity locker sign in button
2025-07-07 14:07:58 INFO  EntitySignIn:50 - Entered mobile number: 8149260522
2025-07-07 14:07:59 INFO  EntitySignIn:59 - Clicked on Next button
2025-07-07 14:07:59 INFO  EntitySignIn:68 - Entered profile pin: 747259
2025-07-07 14:08:02 INFO  EntitySignIn:59 - Clicked on Next button
2025-07-07 14:08:12 INFO  EntitySignIn:89 - OTP input not displayed : no such element: Unable to locate element: {"method":"css selector","selector":"#a_otp_1"}
  (Session info: chrome=137.0.7151.122)
For documentation on this error, please visit: https://www.selenium.dev/documentation/webdriver/troubleshooting/errors#no-such-element-exception
Build info: version: '4.33.0', revision: '2c6aaad03a'
System info: os.name: 'Windows 10', os.arch: 'amd64', os.version: '10.0', java.version: '17.0.0.1'
Driver info: org.openqa.selenium.chrome.ChromeDriver
Command: [fa2200ca4cbf7b35cd90944c1770ebc1, findElement {using=id, value=a_otp_1}]
Capabilities {acceptInsecureCerts: false, browserName: chrome, browserVersion: 137.0.7151.122, chrome: {chromedriverVersion: 137.0.7151.119 (e0ac9d12dff..., userDataDir: C:\Users\CODITA~1\AppData\L...}, fedcm:accounts: true, goog:chromeOptions: {debuggerAddress: localhost:59847}, networkConnectionEnabled: false, pageLoadStrategy: normal, platformName: windows, proxy: Proxy(), se:cdp: ws://localhost:59847/devtoo..., se:cdpVersion: 137.0.7151.122, setWindowRect: true, strictFileInteractability: false, timeouts: {implicit: 0, pageLoad: 300000, script: 30000}, unhandledPromptBehavior: dismiss and notify, webauthn:extension:credBlob: true, webauthn:extension:largeBlob: true, webauthn:extension:minPinLength: true, webauthn:extension:prf: true, webauthn:virtualAuthenticators: true}
Session ID: fa2200ca4cbf7b35cd90944c1770ebc1
2025-07-07 14:08:12 INFO  ExtentReportListener:45 - Test Passed: Login
2025-07-07 14:08:13 INFO  Dashboard:31 - Clicked on Create Project
2025-07-07 14:08:15 INFO  Dashboard:40 - Entered project name: Development of a Scalable and Secure Cloud-Native Platform for Real-Time Analytics, Monitoring, and Automated Decision-Making Across Industries  29
2025-07-07 14:08:15 INFO  Dashboard:49 - Clicked on Save button
2025-07-07 14:08:15 INFO  ExtentReportListener:45 - Test Passed: CreateProject
2025-07-07 16:50:42 INFO  SuiteSetup:40 - Configured Logger File
2025-07-07 16:50:47 INFO  ObjectRepository:24 - Login page object created
2025-07-07 16:50:47 INFO  ObjectRepository:33 - Login page object created
2025-07-07 16:50:47 INFO  ObjectRepository:42 - Dashboard page object created
2025-07-07 16:50:47 INFO  ObjectRepository:51 - Step1 page object created
2025-07-07 16:50:48 INFO  ExtentReportListener:45 - URL launched: https://eoi.coditas.org/
2025-07-07 16:50:49 INFO  Projects:47 - clicked on applicant sign up/sign in button
2025-07-07 16:50:49 INFO  EntitySignIn:40 - clicked on Entity locker sign in button
2025-07-07 16:50:53 INFO  EntitySignIn:50 - Entered mobile number: 8149260522
2025-07-07 16:50:54 INFO  EntitySignIn:59 - Clicked on Next button
2025-07-07 16:50:54 INFO  EntitySignIn:68 - Entered profile pin: 747259
2025-07-07 16:50:54 INFO  EntitySignIn:59 - Clicked on Next button
2025-07-07 16:51:04 INFO  EntitySignIn:89 - OTP input not displayed : no such element: Unable to locate element: {"method":"css selector","selector":"#a_otp_1"}
  (Session info: chrome=137.0.7151.122)
For documentation on this error, please visit: https://www.selenium.dev/documentation/webdriver/troubleshooting/errors#no-such-element-exception
Build info: version: '4.33.0', revision: '2c6aaad03a'
System info: os.name: 'Windows 10', os.arch: 'amd64', os.version: '10.0', java.version: '17.0.0.1'
Driver info: org.openqa.selenium.chrome.ChromeDriver
Command: [7934505bb11529758f57cea1e17ec206, findElement {using=id, value=a_otp_1}]
Capabilities {acceptInsecureCerts: false, browserName: chrome, browserVersion: 137.0.7151.122, chrome: {chromedriverVersion: 137.0.7151.119 (e0ac9d12dff..., userDataDir: C:\Users\CODITA~1\AppData\L...}, fedcm:accounts: true, goog:chromeOptions: {debuggerAddress: localhost:57394}, networkConnectionEnabled: false, pageLoadStrategy: normal, platformName: windows, proxy: Proxy(), se:cdp: ws://localhost:57394/devtoo..., se:cdpVersion: 137.0.7151.122, setWindowRect: true, strictFileInteractability: false, timeouts: {implicit: 0, pageLoad: 300000, script: 30000}, unhandledPromptBehavior: dismiss and notify, webauthn:extension:credBlob: true, webauthn:extension:largeBlob: true, webauthn:extension:minPinLength: true, webauthn:extension:prf: true, webauthn:virtualAuthenticators: true}
Session ID: 7934505bb11529758f57cea1e17ec206
2025-07-07 16:51:04 INFO  ExtentReportListener:45 - Test Passed: Login
2025-07-07 16:51:05 INFO  Dashboard:31 - Clicked on Create Project
2025-07-07 16:51:07 INFO  Dashboard:40 - Entered project name: Development of a Scalable and Secure Cloud-Native Platform for Real-Time Analytics, Monitoring, and Automated Decision-Making Across Industries  680
2025-07-07 16:51:07 INFO  Dashboard:49 - Clicked on Save button
2025-07-07 16:51:07 INFO  ExtentReportListener:45 - Test Passed: CreateProject
2025-07-07 16:51:28 INFO  Step1:96 - Failed to enter PAN: AAAAA0000AA
2025-07-07 16:53:36 INFO  SuiteSetup:40 - Configured Logger File
2025-07-07 16:53:40 INFO  ObjectRepository:24 - Login page object created
2025-07-07 16:53:40 INFO  ObjectRepository:33 - Login page object created
2025-07-07 16:53:40 INFO  ObjectRepository:42 - Dashboard page object created
2025-07-07 16:53:40 INFO  ObjectRepository:51 - Step1 page object created
2025-07-07 16:53:40 INFO  ExtentReportListener:45 - URL launched: https://eoi.coditas.org/
2025-07-07 16:53:41 INFO  Projects:47 - clicked on applicant sign up/sign in button
2025-07-07 16:53:42 INFO  EntitySignIn:40 - clicked on Entity locker sign in button
2025-07-07 16:53:43 INFO  EntitySignIn:50 - Entered mobile number: 8149260522
2025-07-07 16:53:44 INFO  EntitySignIn:59 - Clicked on Next button
2025-07-07 16:53:44 INFO  EntitySignIn:68 - Entered profile pin: 747259
2025-07-07 16:53:47 INFO  EntitySignIn:59 - Clicked on Next button
2025-07-07 16:53:57 INFO  EntitySignIn:89 - OTP input not displayed : no such element: Unable to locate element: {"method":"css selector","selector":"#a_otp_1"}
  (Session info: chrome=137.0.7151.122)
For documentation on this error, please visit: https://www.selenium.dev/documentation/webdriver/troubleshooting/errors#no-such-element-exception
Build info: version: '4.33.0', revision: '2c6aaad03a'
System info: os.name: 'Windows 10', os.arch: 'amd64', os.version: '10.0', java.version: '17.0.0.1'
Driver info: org.openqa.selenium.chrome.ChromeDriver
Command: [71ac986d9a6b7d3cc71371745c352220, findElement {value=a_otp_1, using=id}]
Capabilities {acceptInsecureCerts: false, browserName: chrome, browserVersion: 137.0.7151.122, chrome: {chromedriverVersion: 137.0.7151.119 (e0ac9d12dff..., userDataDir: C:\Users\CODITA~1\AppData\L...}, fedcm:accounts: true, goog:chromeOptions: {debuggerAddress: localhost:57719}, networkConnectionEnabled: false, pageLoadStrategy: normal, platformName: windows, proxy: Proxy(), se:cdp: ws://localhost:57719/devtoo..., se:cdpVersion: 137.0.7151.122, setWindowRect: true, strictFileInteractability: false, timeouts: {implicit: 0, pageLoad: 300000, script: 30000}, unhandledPromptBehavior: dismiss and notify, webauthn:extension:credBlob: true, webauthn:extension:largeBlob: true, webauthn:extension:minPinLength: true, webauthn:extension:prf: true, webauthn:virtualAuthenticators: true}
Session ID: 71ac986d9a6b7d3cc71371745c352220
2025-07-07 16:53:57 INFO  ExtentReportListener:45 - Test Passed: Login
2025-07-07 16:53:57 INFO  Dashboard:31 - Clicked on Create Project
2025-07-07 16:54:00 INFO  Dashboard:40 - Entered project name: Development of a Scalable and Secure Cloud-Native Platform for Real-Time Analytics, Monitoring, and Automated Decision-Making Across Industries  995
2025-07-07 16:54:00 INFO  Dashboard:49 - Clicked on Save button
2025-07-07 16:54:00 INFO  ExtentReportListener:45 - Test Passed: CreateProject
2025-07-07 16:54:01 INFO  Step1:94 - Entered PAN: AAAAA0000AA
2025-07-07 16:54:01 INFO  ExtentReportListener:45 - Test Passed: CreateProjectWithInvalidData
2025-07-07 17:53:14 INFO  SuiteSetup:40 - Configured Logger File
2025-07-07 17:53:19 INFO  ObjectRepository:24 - Login page object created
2025-07-07 17:53:19 INFO  ObjectRepository:33 - Login page object created
2025-07-07 17:53:19 INFO  ObjectRepository:42 - Dashboard page object created
2025-07-07 17:53:19 INFO  ObjectRepository:51 - Step1 page object created
2025-07-07 17:53:19 INFO  ExtentReportListener:45 - URL launched: https://eoi.coditas.org/
2025-07-07 17:53:20 INFO  Projects:47 - clicked on applicant sign up/sign in button
2025-07-07 17:53:21 INFO  EntitySignIn:40 - clicked on Entity locker sign in button
2025-07-07 17:53:23 INFO  EntitySignIn:50 - Entered mobile number: 8149260522
2025-07-07 17:53:24 INFO  EntitySignIn:59 - Clicked on Next button
2025-07-07 17:53:24 INFO  EntitySignIn:68 - Entered profile pin: 747259
2025-07-07 17:53:28 INFO  EntitySignIn:59 - Clicked on Next button
2025-07-07 17:53:39 INFO  EntitySignIn:89 - OTP input not displayed : no such element: Unable to locate element: {"method":"css selector","selector":"#a_otp_1"}
  (Session info: chrome=137.0.7151.122)
For documentation on this error, please visit: https://www.selenium.dev/documentation/webdriver/troubleshooting/errors#no-such-element-exception
Build info: version: '4.33.0', revision: '2c6aaad03a'
System info: os.name: 'Windows 10', os.arch: 'amd64', os.version: '10.0', java.version: '17.0.0.1'
Driver info: org.openqa.selenium.chrome.ChromeDriver
Command: [a0dbd53dd7db8823b46967a892a987d6, findElement {value=a_otp_1, using=id}]
Capabilities {acceptInsecureCerts: false, browserName: chrome, browserVersion: 137.0.7151.122, chrome: {chromedriverVersion: 137.0.7151.119 (e0ac9d12dff..., userDataDir: C:\Users\CODITA~1\AppData\L...}, fedcm:accounts: true, goog:chromeOptions: {debuggerAddress: localhost:57127}, networkConnectionEnabled: false, pageLoadStrategy: normal, platformName: windows, proxy: Proxy(), se:cdp: ws://localhost:57127/devtoo..., se:cdpVersion: 137.0.7151.122, setWindowRect: true, strictFileInteractability: false, timeouts: {implicit: 0, pageLoad: 300000, script: 30000}, unhandledPromptBehavior: dismiss and notify, webauthn:extension:credBlob: true, webauthn:extension:largeBlob: true, webauthn:extension:minPinLength: true, webauthn:extension:prf: true, webauthn:virtualAuthenticators: true}
Session ID: a0dbd53dd7db8823b46967a892a987d6
2025-07-07 17:53:39 INFO  ExtentReportListener:45 - Test Passed: Login
2025-07-07 17:53:39 INFO  Dashboard:31 - Clicked on Create Project
2025-07-07 17:53:42 INFO  Dashboard:40 - Entered project name: Development of a Scalable and Secure Cloud-Native Platform for Real-Time Analytics, Monitoring, and Automated Decision-Making Across Industries  837
2025-07-07 17:53:42 INFO  Dashboard:49 - Clicked on Save button
2025-07-07 17:53:42 INFO  ExtentReportListener:45 - Test Passed: CreateProject
2025-07-07 17:53:43 INFO  Step1:95 - Entered PAN: AAAAA0000AA
2025-07-07 17:53:43 INFO  ExtentReportListener:45 - Test Passed: CreateProjectWithInvalidData
2025-08-27 16:26:25 INFO  SuiteSetup:40 - Configured Logger File
2025-08-27 16:26:50 INFO  ObjectRepository:24 - Login page object created
2025-08-27 16:26:50 INFO  ObjectRepository:33 - Login page object created
2025-08-27 16:26:50 INFO  ObjectRepository:42 - Dashboard page object created
2025-08-27 16:26:50 INFO  ObjectRepository:51 - Step1 page object created
2025-08-27 16:26:52 INFO  ExtentReportListener:45 - URL launched: https://eoi.coditas.org/
2025-08-27 16:26:53 INFO  Projects:47 - clicked on applicant sign up/sign in button
2025-08-27 16:26:54 INFO  EntitySignIn:40 - clicked on Entity locker sign in button
2025-08-27 16:26:58 INFO  EntitySignIn:50 - Entered mobile number: 8149260522
2025-08-27 16:26:59 INFO  EntitySignIn:59 - Clicked on Next button
2025-08-27 16:26:59 INFO  EntitySignIn:68 - Entered profile pin: 747259
2025-08-27 16:26:59 INFO  EntitySignIn:59 - Clicked on Next button
2025-08-27 16:27:01 INFO  EntitySignIn:86 - OTP input field is displayed: true
2025-08-27 16:27:13 INFO  EntitySignIn:77 - Entered OTP: 199561
2025-08-27 16:27:17 INFO  EntitySignIn:100 - Clicked on OTP submit button
2025-08-27 16:27:17 INFO  ExtentReportListener:45 - Test Passed: Login
2025-08-27 16:30:04 INFO  Dashboard:32 - Clicked on Create Project
2025-08-27 16:30:05 INFO  Dashboard:41 - Entered project name: Development of a Scalable and Secure Cloud-Native Platform for Real-Time Analytics, Monitoring, and Automated Decision-Making Across Industries  889
2025-08-27 16:30:05 INFO  Dashboard:50 - Clicked on Save button
2025-08-27 16:30:05 INFO  ExtentReportListener:45 - Test Passed: CreateProject
2025-08-27 16:30:08 INFO  Step1:95 - Entered PAN: AAAAA0000AA
2025-08-27 16:30:08 INFO  ExtentReportListener:45 - Test Passed: CreateProjectWithInvalidData
2025-09-04 12:10:19 INFO  SuiteSetup:54 - Configured Logger File
2025-09-04 12:59:22 INFO  SuiteSetup:53 - Configured Logger File
2025-09-04 12:59:33 INFO  ObjectRepository:22 - Login page object created
2025-09-04 12:59:33 INFO  ObjectRepository:31 - Login page object created
2025-09-04 12:59:33 INFO  ObjectRepository:40 - Dashboard page object created
2025-09-04 12:59:34 INFO  ObjectRepository:49 - Step1 page object created
2025-09-04 12:59:34 INFO  ExtentReportListener:43 - URL launched: https://eoi.coditas.org/
2025-09-04 12:59:37 INFO  Projects:47 - clicked on applicant sign up/sign in button
2025-09-04 12:59:38 INFO  EntitySignIn:40 - clicked on Entity locker sign in button
2025-09-04 12:59:42 INFO  EntitySignIn:50 - Entered mobile number: 8149260522
2025-09-04 12:59:43 INFO  EntitySignIn:59 - Clicked on Next button
2025-09-04 12:59:43 INFO  EntitySignIn:68 - Entered profile pin: 747259
2025-09-04 12:59:43 INFO  EntitySignIn:59 - Clicked on Next button
2025-09-04 12:59:44 INFO  EntitySignIn:86 - OTP input field is displayed: true
2025-09-04 12:59:56 INFO  EntitySignIn:77 - Entered OTP: 987280
2025-09-04 13:00:00 INFO  EntitySignIn:100 - Clicked on OTP submit button
2025-09-04 13:00:00 INFO  ExtentReportListener:47 - Test Passed: Login
2025-09-04 13:00:08 INFO  Dashboard:32 - Clicked on Create Project
2025-09-04 13:00:09 INFO  Dashboard:41 - Entered project name: Development of a Scalable and Secure Cloud-Native Platform for Real-Time Analytics, Monitoring, and Automated Decision-Making Across Industries  30
2025-09-04 13:00:09 INFO  Dashboard:50 - Clicked on Save button
2025-09-04 13:00:09 INFO  ExtentReportListener:47 - Test Passed: CreateProject
2025-09-04 13:00:12 INFO  Step1:79 - Entered PAN: ABC1234
2025-09-04 13:00:14 INFO  Step1:93 - Enter AlterNate Number: 1234567899
2025-09-04 13:00:14 INFO  Step1:103 - Enter DesignationManager
2025-09-04 13:00:20 INFO  ExtentReportListener:87 - Upload popup closed successfully using FluentWait.
2025-09-04 13:00:20 INFO  Step1:116 - Uploaded File: C:\Users\Coditas-Admin\Downloads\Dummy2.pdf
2025-09-04 13:00:20 INFO  ExtentReportListener:87 - Upload popup closed successfully using FluentWait.
2025-09-04 13:00:22 INFO  Step1:128 - Uploaded File: C:\Users\Coditas-Admin\Downloads\Dummy2.pdf
2025-09-04 13:00:24 INFO  ExtentReportListener:87 - Upload popup closed successfully using FluentWait.
2025-09-04 13:00:26 INFO  Step1:140 - Uploaded File: C:\Users\Coditas-Admin\Downloads\Dummy2.pdf
2025-09-04 13:00:28 INFO  ExtentReportListener:87 - Upload popup closed successfully using FluentWait.
2025-09-04 13:00:30 INFO  Step1:152 - Uploaded File: C:\Users\Coditas-Admin\Downloads\Dummy2.pdf
2025-09-04 13:09:41 INFO  SuiteSetup:53 - Configured Logger File
2025-09-04 13:09:45 INFO  ObjectRepository:22 - Login page object created
2025-09-04 13:09:45 INFO  ObjectRepository:31 - Login page object created
2025-09-04 13:09:45 INFO  ObjectRepository:40 - Dashboard page object created
2025-09-04 13:09:45 INFO  ObjectRepository:49 - Step1 page object created
2025-09-04 13:09:48 INFO  ExtentReportListener:43 - URL launched: https://eoi.coditas.org/
2025-09-04 13:09:49 INFO  Projects:47 - clicked on applicant sign up/sign in button
2025-09-04 13:09:50 INFO  EntitySignIn:40 - clicked on Entity locker sign in button
2025-09-04 13:09:53 INFO  EntitySignIn:50 - Entered mobile number: 8149260522
2025-09-04 13:09:53 INFO  EntitySignIn:59 - Clicked on Next button
2025-09-04 13:09:54 INFO  EntitySignIn:68 - Entered profile pin: 747259
2025-09-04 13:09:58 INFO  EntitySignIn:59 - Clicked on Next button
2025-09-04 13:11:09 INFO  SuiteSetup:53 - Configured Logger File
2025-09-04 13:11:13 INFO  ObjectRepository:22 - Login page object created
2025-09-04 13:11:13 INFO  ObjectRepository:31 - Login page object created
2025-09-04 13:11:13 INFO  ObjectRepository:40 - Dashboard page object created
2025-09-04 13:11:13 INFO  ObjectRepository:49 - Step1 page object created
2025-09-04 13:11:16 INFO  ExtentReportListener:43 - URL launched: https://eoi.coditas.org/
2025-09-04 13:11:17 INFO  Projects:47 - clicked on applicant sign up/sign in button
2025-09-04 13:11:18 INFO  EntitySignIn:40 - clicked on Entity locker sign in button
2025-09-04 13:11:21 INFO  EntitySignIn:50 - Entered mobile number: 8007939513
2025-09-04 13:11:21 INFO  EntitySignIn:59 - Clicked on Next button
2025-09-04 13:11:22 INFO  EntitySignIn:68 - Entered profile pin: 020890
2025-09-04 13:11:22 INFO  EntitySignIn:59 - Clicked on Next button
2025-09-04 13:11:23 INFO  EntitySignIn:86 - OTP input field is displayed: true
2025-09-04 13:11:30 ERROR EntitySignIn:79 - Failed to enter OTP: null
2025-09-04 13:11:50 INFO  Dashboard:34 - Failed to click on Create Project: null
2025-09-04 13:12:11 INFO  Step1:81 - Failed to enter PAN: ABC1234
2025-09-04 13:47:45 INFO  SuiteSetup:53 - Configured Logger File
2025-09-04 13:47:51 INFO  ObjectRepository:22 - Login page object created
2025-09-04 13:47:51 INFO  ObjectRepository:31 - Login page object created
2025-09-04 13:47:51 INFO  ObjectRepository:40 - Dashboard page object created
2025-09-04 13:47:51 INFO  ObjectRepository:49 - Step1 page object created
2025-09-04 13:48:13 INFO  ExtentReportListener:43 - URL launched: https://eoi.coditas.org/
2025-09-04 13:48:14 INFO  Projects:47 - clicked on applicant sign up/sign in button
2025-09-04 13:48:17 INFO  EntitySignIn:40 - clicked on Entity locker sign in button
2025-09-04 13:48:22 INFO  EntitySignIn:50 - Entered mobile number: 8007939513
2025-09-04 13:48:22 INFO  EntitySignIn:59 - Clicked on Next button
2025-09-04 13:48:23 INFO  EntitySignIn:68 - Entered profile pin: 020890
2025-09-04 13:48:23 INFO  EntitySignIn:59 - Clicked on Next button
2025-09-04 13:48:24 INFO  EntitySignIn:86 - OTP input field is displayed: true
2025-09-04 13:48:32 ERROR EntitySignIn:79 - Failed to enter OTP: null
2025-09-04 13:48:52 INFO  Dashboard:34 - Failed to click on Create Project: null
2025-09-04 13:49:12 INFO  Step1:81 - Failed to enter PAN: ABC1234
2025-09-04 13:51:02 INFO  SuiteSetup:53 - Configured Logger File
2025-09-04 13:51:07 INFO  ObjectRepository:22 - Login page object created
2025-09-04 13:51:07 INFO  ObjectRepository:31 - Login page object created
2025-09-04 13:51:07 INFO  ObjectRepository:40 - Dashboard page object created
2025-09-04 13:51:07 INFO  ObjectRepository:49 - Step1 page object created
2025-09-04 13:51:15 INFO  ExtentReportListener:43 - URL launched: https://eoi.coditas.org/
2025-09-04 13:51:16 INFO  Projects:47 - clicked on applicant sign up/sign in button
2025-09-04 13:51:17 INFO  EntitySignIn:40 - clicked on Entity locker sign in button
2025-09-04 13:51:23 INFO  EntitySignIn:50 - Entered mobile number: 8007939513
2025-09-04 13:51:23 INFO  EntitySignIn:59 - Clicked on Next button
2025-09-04 13:51:24 INFO  EntitySignIn:68 - Entered profile pin: 020890
2025-09-04 13:51:24 INFO  EntitySignIn:59 - Clicked on Next button
2025-09-04 13:51:28 INFO  EntitySignIn:86 - OTP input field is displayed: true
2025-09-04 13:51:36 ERROR EntitySignIn:79 - Failed to enter OTP: null
2025-09-04 13:51:56 INFO  Dashboard:34 - Failed to click on Create Project: null
2025-09-04 13:52:41 INFO  SuiteSetup:53 - Configured Logger File
2025-09-04 13:53:40 INFO  ObjectRepository:22 - Login page object created
2025-09-04 13:53:40 INFO  ObjectRepository:31 - Login page object created
2025-09-04 13:53:40 INFO  ObjectRepository:40 - Dashboard page object created
2025-09-04 13:53:40 INFO  ObjectRepository:49 - Step1 page object created
2025-09-04 13:53:51 INFO  ExtentReportListener:43 - URL launched: https://eoi.coditas.org/
2025-09-04 13:53:52 INFO  Projects:47 - clicked on applicant sign up/sign in button
2025-09-04 13:53:55 INFO  EntitySignIn:40 - clicked on Entity locker sign in button
2025-09-04 13:53:58 INFO  EntitySignIn:50 - Entered mobile number: 8007939513
2025-09-04 13:53:59 INFO  EntitySignIn:59 - Clicked on Next button
2025-09-04 13:53:59 INFO  EntitySignIn:68 - Entered profile pin: 020890
2025-09-04 13:54:00 INFO  EntitySignIn:59 - Clicked on Next button
2025-09-04 13:54:00 INFO  EntitySignIn:86 - OTP input field is displayed: true
2025-09-04 13:55:39 INFO  SuiteSetup:53 - Configured Logger File
2025-09-04 13:56:00 INFO  ObjectRepository:22 - Login page object created
2025-09-04 13:56:00 INFO  ObjectRepository:31 - Login page object created
2025-09-04 13:56:00 INFO  ObjectRepository:40 - Dashboard page object created
2025-09-04 13:56:00 INFO  ObjectRepository:49 - Step1 page object created
2025-09-04 13:56:08 INFO  ExtentReportListener:43 - URL launched: https://eoi.coditas.org/
2025-09-04 13:56:08 INFO  Projects:47 - clicked on applicant sign up/sign in button
2025-09-04 13:56:11 INFO  EntitySignIn:40 - clicked on Entity locker sign in button
2025-09-04 13:56:15 INFO  EntitySignIn:50 - Entered mobile number: 8007939513
2025-09-04 13:56:16 INFO  EntitySignIn:59 - Clicked on Next button
2025-09-04 13:56:16 INFO  EntitySignIn:68 - Entered profile pin: 020890
2025-09-04 13:56:16 INFO  EntitySignIn:59 - Clicked on Next button
2025-09-04 13:56:18 INFO  EntitySignIn:86 - OTP input field is displayed: true
2025-09-04 13:56:38 INFO  EntitySignIn:77 - Entered OTP: 679661
2025-09-04 13:56:38 INFO  EntitySignIn:100 - Clicked on OTP submit button
2025-09-04 13:56:38 INFO  ExtentReportListener:47 - Test Passed: Login
2025-09-04 13:57:00 INFO  Dashboard:32 - Clicked on Create Project
2025-09-04 13:57:01 INFO  Dashboard:41 - Entered project name: Development of a Scalable and Secure Cloud-Native Platform for Real-Time Analytics, Monitoring, and Automated Decision-Making Across Industries  506
2025-09-04 13:57:01 INFO  Dashboard:50 - Clicked on Save button
2025-09-04 13:57:01 INFO  ExtentReportListener:47 - Test Passed: CreateProject
2025-09-04 13:57:05 INFO  Step1:79 - Entered PAN: ABC1234
2025-09-04 13:57:06 INFO  Step1:93 - Enter AlterNate Number: 1234567899
2025-09-04 13:57:07 INFO  Step1:103 - Enter DesignationManager
2025-09-04 13:57:20 INFO  ExtentReportListener:90 - No upload popup present to close within timeout.
2025-09-04 13:57:20 INFO  Step1:116 - Uploaded File: C:\Users\Coditas-Admin\Documents\BCG\dummydummydummydummydummydummydummydummydummydummy.pdf
2025-09-04 13:57:30 INFO  ExtentReportListener:90 - No upload popup present to close within timeout.
2025-09-04 13:57:32 INFO  Step1:128 - Uploaded File: C:\Users\Coditas-Admin\Documents\BCG\dummydummydummydummydummydummydummydummydummydummy.pdf
2025-09-04 13:57:42 INFO  ExtentReportListener:90 - No upload popup present to close within timeout.
2025-09-04 13:57:44 INFO  Step1:140 - Uploaded File: C:\Users\Coditas-Admin\Documents\BCG\dummydummydummydummydummydummydummydummydummydummy.pdf
2025-09-04 13:57:44 INFO  ExtentReportListener:87 - Upload popup closed successfully using FluentWait.
2025-09-04 13:57:47 INFO  Step1:152 - Uploaded File: C:\Users\Coditas-Admin\Documents\BCG\dummydummydummydummydummydummydummydummydummydummy.pdf
2025-09-04 13:57:53 INFO  Step1:169 - Uploaded File: C:\Users\Coditas-Admin\Documents\BCG\dummydummydummydummydummydummydummydummydummydummy.pdf
2025-09-04 13:57:58 INFO  Step1:182 - Uploaded File: C:\Users\Coditas-Admin\Documents\BCG\dummydummydummydummydummydummydummydummydummydummy.pdf
2025-09-04 13:58:04 INFO  Step1:196 - Uploaded File: C:\Users\Coditas-Admin\Documents\BCG\dummydummydummydummydummydummydummydummydummydummy.pdf
2025-09-04 13:58:06 INFO  ExtentReportListener:47 - Test Passed: CreateProjectWithInvalidData
2025-09-04 14:05:11 INFO  SuiteSetup:54 - Configured Logger File
2025-09-04 14:08:44 INFO  SuiteSetup:54 - Configured Logger File
2025-09-04 14:10:19 INFO  SuiteSetup:54 - Configured Logger File
2025-09-04 14:11:22 INFO  SuiteSetup:54 - Configured Logger File
2025-09-04 14:11:27 INFO  ObjectRepository:22 - Login page object created
2025-09-04 14:11:27 INFO  ObjectRepository:31 - Login page object created
2025-09-04 14:11:27 INFO  ObjectRepository:40 - Dashboard page object created
2025-09-04 14:11:27 INFO  ObjectRepository:49 - Step1 page object created
2025-09-04 14:11:27 INFO  ObjectRepository:58 - Step2_Flow1 page object created
2025-09-04 14:11:33 INFO  ExtentReportListener:43 - URL launched: https://eoi.coditas.org/
2025-09-04 14:11:33 INFO  Projects:47 - clicked on applicant sign up/sign in button
2025-09-04 14:11:36 INFO  EntitySignIn:40 - clicked on Entity locker sign in button
2025-09-04 14:11:40 INFO  EntitySignIn:50 - Entered mobile number: 8007939513
2025-09-04 14:11:40 INFO  EntitySignIn:59 - Clicked on Next button
2025-09-04 14:11:41 INFO  EntitySignIn:68 - Entered profile pin: 020890
2025-09-04 14:11:41 INFO  EntitySignIn:59 - Clicked on Next button
2025-09-04 14:11:51 INFO  EntitySignIn:89 - OTP input not displayed : no such element: Unable to locate element: {"method":"css selector","selector":"#a_otp_1"}
  (Session info: chrome=139.0.7258.139)
For documentation on this error, please visit: https://www.selenium.dev/documentation/webdriver/troubleshooting/errors#no-such-element-exception
Build info: version: '4.33.0', revision: '2c6aaad03a'
System info: os.name: 'Windows 10', os.arch: 'amd64', os.version: '10.0', java.version: '17.0.0.1'
Driver info: org.openqa.selenium.chrome.ChromeDriver
Command: [9ee36354347b6c9e9a9a2b9a7d6ec5dc, findElement {value=a_otp_1, using=id}]
Capabilities {acceptInsecureCerts: false, browserName: chrome, browserVersion: 139.0.7258.139, chrome: {chromedriverVersion: 139.0.7258.154 (9e0d6b2b47f..., userDataDir: C:\Users\CODITA~1\AppData\L...}, fedcm:accounts: true, goog:chromeOptions: {debuggerAddress: localhost:65055}, networkConnectionEnabled: false, pageLoadStrategy: normal, platformName: windows, proxy: Proxy(), se:cdp: ws://localhost:65055/devtoo..., se:cdpVersion: 139.0.7258.139, setWindowRect: true, strictFileInteractability: false, timeouts: {implicit: 0, pageLoad: 300000, script: 30000}, unhandledPromptBehavior: dismiss and notify, webauthn:extension:credBlob: true, webauthn:extension:largeBlob: true, webauthn:extension:minPinLength: true, webauthn:extension:prf: true, webauthn:virtualAuthenticators: true}
Session ID: 9ee36354347b6c9e9a9a2b9a7d6ec5dc
2025-09-04 14:11:51 INFO  ExtentReportListener:47 - Test Passed: Login
2025-09-04 14:11:53 INFO  Dashboard:32 - Clicked on Create Project
2025-09-04 14:11:54 INFO  Dashboard:41 - Entered project name: Development of a Scalable and Secure Cloud-Native Platform for Real-Time Analytics, Monitoring, and Automated Decision-Making Across Industries  69
2025-09-04 14:11:54 INFO  Dashboard:50 - Clicked on Save button
2025-09-04 14:11:54 INFO  ExtentReportListener:47 - Test Passed: CreateProject
2025-09-04 14:12:14 INFO  Step1:81 - Failed to enter PAN: ABC1234
2025-09-04 14:13:55 INFO  SuiteSetup:54 - Configured Logger File
2025-09-04 14:14:00 INFO  ObjectRepository:22 - Login page object created
2025-09-04 14:14:00 INFO  ObjectRepository:31 - Login page object created
2025-09-04 14:14:00 INFO  ObjectRepository:40 - Dashboard page object created
2025-09-04 14:14:00 INFO  ObjectRepository:49 - Step1 page object created
2025-09-04 14:14:00 INFO  ObjectRepository:58 - Step2_Flow1 page object created
2025-09-04 14:14:34 INFO  ExtentReportListener:43 - URL launched: https://eoi.coditas.org/
2025-09-04 14:14:45 INFO  Projects:49 - unable to click on applicant sign up/sign in button
2025-09-04 14:15:06 INFO  Dashboard:34 - Failed to click on Create Project: null
2025-09-04 14:15:20 INFO  SuiteSetup:54 - Configured Logger File
2025-09-04 14:15:23 INFO  ObjectRepository:22 - Login page object created
2025-09-04 14:15:23 INFO  ObjectRepository:31 - Login page object created
2025-09-04 14:15:23 INFO  ObjectRepository:40 - Dashboard page object created
2025-09-04 14:15:23 INFO  ObjectRepository:49 - Step1 page object created
2025-09-04 14:15:23 INFO  ObjectRepository:58 - Step2_Flow1 page object created
2025-09-04 14:15:56 INFO  ExtentReportListener:43 - URL launched: https://eoi.coditas.org/
2025-09-04 14:16:16 INFO  Projects:49 - unable to click on applicant sign up/sign in button
2025-09-04 14:16:36 INFO  Dashboard:34 - Failed to click on Create Project: null
2025-09-04 14:16:56 INFO  Step1:81 - Failed to enter PAN: ABC1234
2025-09-04 14:17:25 INFO  SuiteSetup:54 - Configured Logger File
2025-09-04 14:17:30 INFO  ObjectRepository:22 - Login page object created
2025-09-04 14:17:30 INFO  ObjectRepository:31 - Login page object created
2025-09-04 14:17:30 INFO  ObjectRepository:40 - Dashboard page object created
2025-09-04 14:17:30 INFO  ObjectRepository:49 - Step1 page object created
2025-09-04 14:17:30 INFO  ObjectRepository:58 - Step2_Flow1 page object created
2025-09-04 14:17:30 INFO  ExtentReportListener:43 - URL launched: https://eoi.coditas.org/
2025-09-04 14:17:45 INFO  Projects:47 - clicked on applicant sign up/sign in button
2025-09-04 14:17:46 INFO  EntitySignIn:40 - clicked on Entity locker sign in button
2025-09-04 14:17:50 INFO  EntitySignIn:50 - Entered mobile number: 8007939513
2025-09-04 14:17:51 INFO  EntitySignIn:59 - Clicked on Next button
2025-09-04 14:17:52 INFO  EntitySignIn:68 - Entered profile pin: 020890
2025-09-04 14:17:55 INFO  EntitySignIn:59 - Clicked on Next button
2025-09-04 14:18:17 INFO  EntitySignIn:89 - OTP input not displayed : no such element: Unable to locate element: {"method":"css selector","selector":"#a_otp_1"}
  (Session info: chrome=139.0.7258.139)
For documentation on this error, please visit: https://www.selenium.dev/documentation/webdriver/troubleshooting/errors#no-such-element-exception
Build info: version: '4.33.0', revision: '2c6aaad03a'
System info: os.name: 'Windows 10', os.arch: 'amd64', os.version: '10.0', java.version: '17.0.0.1'
Driver info: org.openqa.selenium.chrome.ChromeDriver
Command: [e2858aa46aff82f174d1d3440a60badd, findElement {value=a_otp_1, using=id}]
Capabilities {acceptInsecureCerts: false, browserName: chrome, browserVersion: 139.0.7258.139, chrome: {chromedriverVersion: 139.0.7258.154 (9e0d6b2b47f..., userDataDir: C:\Users\CODITA~1\AppData\L...}, fedcm:accounts: true, goog:chromeOptions: {debuggerAddress: localhost:55905}, networkConnectionEnabled: false, pageLoadStrategy: normal, platformName: windows, proxy: Proxy(), se:cdp: ws://localhost:55905/devtoo..., se:cdpVersion: 139.0.7258.139, setWindowRect: true, strictFileInteractability: false, timeouts: {implicit: 0, pageLoad: 300000, script: 30000}, unhandledPromptBehavior: dismiss and notify, webauthn:extension:credBlob: true, webauthn:extension:largeBlob: true, webauthn:extension:minPinLength: true, webauthn:extension:prf: true, webauthn:virtualAuthenticators: true}
Session ID: e2858aa46aff82f174d1d3440a60badd
2025-09-04 14:18:17 INFO  ExtentReportListener:47 - Test Passed: Login
2025-09-04 14:18:37 INFO  Dashboard:34 - Failed to click on Create Project: null
2025-09-04 14:18:57 INFO  Step1:81 - Failed to enter PAN: ABC1234
2025-09-04 14:26:24 INFO  SuiteSetup:54 - Configured Logger File
2025-09-04 14:26:28 INFO  ObjectRepository:22 - Login page object created
2025-09-04 14:26:28 INFO  ObjectRepository:31 - Login page object created
2025-09-04 14:26:28 INFO  ObjectRepository:40 - Dashboard page object created
2025-09-04 14:26:28 INFO  ObjectRepository:49 - Step1 page object created
2025-09-04 14:26:28 INFO  ObjectRepository:58 - Step2_Flow1 page object created
2025-09-04 14:26:44 INFO  ExtentReportListener:43 - URL launched: https://eoi.coditas.org/
2025-09-04 14:26:45 INFO  Projects:47 - clicked on applicant sign up/sign in button
2025-09-04 14:26:46 INFO  EntitySignIn:40 - clicked on Entity locker sign in button
2025-09-04 14:26:49 INFO  EntitySignIn:50 - Entered mobile number: 8007939513
2025-09-04 14:26:50 INFO  EntitySignIn:59 - Clicked on Next button
2025-09-04 14:26:50 INFO  EntitySignIn:68 - Entered profile pin: 020890
2025-09-04 14:26:54 INFO  EntitySignIn:59 - Clicked on Next button
2025-09-04 14:28:50 INFO  EntitySignIn:89 - OTP input not displayed : no such element: Unable to locate element: {"method":"css selector","selector":"#a_otp_1"}
  (Session info: chrome=139.0.7258.139)
For documentation on this error, please visit: https://www.selenium.dev/documentation/webdriver/troubleshooting/errors#no-such-element-exception
Build info: version: '4.33.0', revision: '2c6aaad03a'
System info: os.name: 'Windows 10', os.arch: 'amd64', os.version: '10.0', java.version: '17.0.0.1'
Driver info: org.openqa.selenium.chrome.ChromeDriver
Command: [f8f324763d38f297a32c6ebaaa4ce728, findElement {using=id, value=a_otp_1}]
Capabilities {acceptInsecureCerts: false, browserName: chrome, browserVersion: 139.0.7258.139, chrome: {chromedriverVersion: 139.0.7258.154 (9e0d6b2b47f..., userDataDir: C:\Users\CODITA~1\AppData\L...}, fedcm:accounts: true, goog:chromeOptions: {debuggerAddress: localhost:57040}, networkConnectionEnabled: false, pageLoadStrategy: normal, platformName: windows, proxy: Proxy(), se:cdp: ws://localhost:57040/devtoo..., se:cdpVersion: 139.0.7258.139, setWindowRect: true, strictFileInteractability: false, timeouts: {implicit: 0, pageLoad: 300000, script: 30000}, unhandledPromptBehavior: dismiss and notify, webauthn:extension:credBlob: true, webauthn:extension:largeBlob: true, webauthn:extension:minPinLength: true, webauthn:extension:prf: true, webauthn:virtualAuthenticators: true}
Session ID: f8f324763d38f297a32c6ebaaa4ce728
2025-09-04 14:28:51 INFO  ExtentReportListener:47 - Test Passed: Login
2025-09-04 14:28:53 INFO  Dashboard:32 - Clicked on Create Project
2025-09-04 14:28:54 INFO  Dashboard:41 - Entered project name: Development of a Scalable and Secure Cloud-Native Platform for Real-Time Analytics, Monitoring, and Automated Decision-Making Across Industries  293
2025-09-04 14:28:54 INFO  Dashboard:50 - Clicked on Save button
2025-09-04 14:28:54 INFO  ExtentReportListener:47 - Test Passed: CreateProject
2025-09-04 14:28:59 INFO  Step1:79 - Entered PAN: ABC1234
2025-09-04 14:29:00 INFO  Step1:93 - Enter AlterNate Number: 1234567899
2025-09-04 14:29:01 INFO  Step1:103 - Enter DesignationManager
2025-09-04 14:29:05 INFO  ExtentReportListener:87 - Upload popup closed successfully using FluentWait.
2025-09-04 14:29:05 INFO  Step1:116 - Uploaded File: C:\Users\Coditas-Admin\Documents\BCG\dummydummydummydummydummydummydummydummydummydummy.pdf
2025-09-04 14:29:05 INFO  ExtentReportListener:87 - Upload popup closed successfully using FluentWait.
2025-09-04 14:29:07 INFO  Step1:128 - Uploaded File: C:\Users\Coditas-Admin\Documents\BCG\dummydummydummydummydummydummydummydummydummydummy.pdf
2025-09-04 14:29:17 INFO  ExtentReportListener:90 - No upload popup present to close within timeout.
2025-09-04 14:29:20 INFO  Step1:140 - Uploaded File: C:\Users\Coditas-Admin\Documents\BCG\dummydummydummydummydummydummydummydummydummydummy.pdf
2025-09-04 14:29:21 INFO  ExtentReportListener:87 - Upload popup closed successfully using FluentWait.
2025-09-04 14:29:24 INFO  Step1:152 - Uploaded File: C:\Users\Coditas-Admin\Documents\BCG\dummydummydummydummydummydummydummydummydummydummy.pdf
2025-09-04 14:29:31 INFO  Step1:169 - Uploaded File: C:\Users\Coditas-Admin\Documents\BCG\dummydummydummydummydummydummydummydummydummydummy.pdf
2025-09-04 14:29:35 INFO  Step1:182 - Uploaded File: C:\Users\Coditas-Admin\Documents\BCG\dummydummydummydummydummydummydummydummydummydummy.pdf
2025-09-04 14:29:41 INFO  Step1:196 - Uploaded File: C:\Users\Coditas-Admin\Documents\BCG\dummydummydummydummydummydummydummydummydummydummy.pdf
2025-09-04 14:29:43 INFO  ExtentReportListener:47 - Test Passed: CreateProjectWithInvalidData
2025-09-04 14:29:44 INFO  ExtentReportListener:105 - Random option selected
2025-09-04 14:29:44 INFO  Step1:109 - Option selected : Complex Generic
2025-09-04 14:29:45 INFO  ExtentReportListener:105 - Random option selected
2025-09-04 14:29:45 INFO  Step1:124 - Sub-Priority Option clicked.
2025-09-04 14:29:46 INFO  ExtentReportListener:177 - Options Selected : Neglected Tropical Diseases relevant to India
2025-09-04 14:29:46 INFO  ExtentReportListener:177 - Options Selected : Rare Disease in India
2025-09-04 14:29:46 INFO  ExtentReportListener:177 - Options Selected : Antimicrobial resistance priority pathogens
2025-09-04 14:29:46 INFO  ExtentReportListener:177 - Options Selected : Vaccine for vaccinepreventable diseases
2025-09-04 14:29:47 INFO  ExtentReportListener:177 - Options Selected : Dengue and chikungunya
2025-09-04 14:29:47 INFO  ExtentReportListener:177 - Options Selected : Echinococcosis
2025-09-04 14:29:48 INFO  ExtentReportListener:177 - Options Selected : Rabies
2025-09-04 14:29:48 INFO  ExtentReportListener:177 - Options Selected : Scabies and other ectoparasitoses
2025-09-04 14:29:48 INFO  ExtentReportListener:177 - Options Selected : Soil-transmitted helminthiases (e.g., roundworm, whipworm, hookworm)
2025-09-04 14:29:49 INFO  ExtentReportListener:177 - Options Selected : Snakebite envenoming
2025-09-04 14:29:49 INFO  ExtentReportListener:177 - Options Selected : G2008
Disorders managed with special dietary formulae or Food for special medical purposes (FSMP)
>>Methyl Malonic Acidemia
2025-09-04 14:29:50 INFO  ExtentReportListener:177 - Options Selected : G2011
Disorders managed with special dietary formulae or Food for special medical purposes (FSMP)
>>Leucine sensitive hypoglycemia
2025-09-04 14:29:50 INFO  ExtentReportListener:177 - Options Selected : G2001
Disorders managed with special dietary formulae or Food for special medical purposes (FSMP)
>>Phenylketonuria (PKU)
2025-09-04 14:29:50 INFO  ExtentReportListener:177 - Options Selected : Salmonella species (Typhoidal and Non-typhoidal)
> Azithromycin  Non-Susceptible
> Third generation cephalosporins  Non-Susceptible
> Carbapenem  Non-Susceptible
2025-09-04 14:29:51 INFO  ExtentReportListener:177 - Options Selected : Mycobacteria (including Mycobacterium tuberculosis)
2025-09-04 14:29:51 INFO  ExtentReportListener:177 - Options Selected : Cholera
2025-09-04 14:29:51 INFO  ExtentReportListener:177 - Options Selected : Diphtheria
2025-09-04 14:29:52 INFO  ExtentReportListener:177 - Options Selected : Tuberculosis
2025-09-04 14:29:52 INFO  ExtentReportListener:177 - Options Selected : Haemophilus influenzae type b (Hib)
2025-09-04 14:29:52 INFO  ExtentReportListener:177 - Options Selected : Human papillomavirus (HPV)
2025-09-04 14:29:52 INFO  ExtentReportListener:177 - Options Selected : Improved Influenza Vaccines
2025-09-04 14:29:53 INFO  ExtentReportListener:177 - Options Selected : Influenza
2025-09-04 14:29:53 INFO  ExtentReportListener:177 - Options Selected : Malaria
2025-09-04 14:29:53 INFO  ExtentReportListener:177 - Options Selected : Mumps
2025-09-04 14:29:54 INFO  ExtentReportListener:177 - Options Selected : Nontyphoidal Salmonella Disease
2025-09-04 14:29:54 INFO  ExtentReportListener:177 - Options Selected : Pertussis
2025-09-04 14:29:54 INFO  ExtentReportListener:177 - Options Selected : Pneumococcal disease
2025-09-04 14:29:55 INFO  ExtentReportListener:177 - Options Selected : Rotavirus
2025-09-04 14:29:55 INFO  ExtentReportListener:177 - Options Selected : Rubella
2025-09-04 14:29:55 INFO  ExtentReportListener:47 - Test Passed: step2Flow1
2025-09-04 14:40:43 INFO  SuiteSetup:54 - Configured Logger File
2025-09-04 14:40:48 INFO  ObjectRepository:22 - Login page object created
2025-09-04 14:40:48 INFO  ObjectRepository:31 - Login page object created
2025-09-04 14:40:48 INFO  ObjectRepository:40 - Dashboard page object created
2025-09-04 14:40:48 INFO  ObjectRepository:49 - Step1 page object created
2025-09-04 14:40:48 INFO  ObjectRepository:58 - Step2_Flow1 page object created
2025-09-04 14:40:50 INFO  ExtentReportListener:43 - URL launched: https://eoi.coditas.org/
2025-09-04 14:40:51 INFO  Projects:47 - clicked on applicant sign up/sign in button
2025-09-04 14:40:52 INFO  EntitySignIn:40 - clicked on Entity locker sign in button
2025-09-04 14:40:57 INFO  EntitySignIn:50 - Entered mobile number: 8007939513
2025-09-04 14:40:57 INFO  EntitySignIn:59 - Clicked on Next button
2025-09-04 14:40:59 INFO  EntitySignIn:68 - Entered profile pin: 020890
2025-09-04 14:41:03 INFO  EntitySignIn:59 - Clicked on Next button
2025-09-04 14:41:13 INFO  EntitySignIn:89 - OTP input not displayed : no such element: Unable to locate element: {"method":"css selector","selector":"#a_otp_1"}
  (Session info: chrome=139.0.7258.155)
For documentation on this error, please visit: https://www.selenium.dev/documentation/webdriver/troubleshooting/errors#no-such-element-exception
Build info: version: '4.33.0', revision: '2c6aaad03a'
System info: os.name: 'Windows 10', os.arch: 'amd64', os.version: '10.0', java.version: '17.0.0.1'
Driver info: org.openqa.selenium.chrome.ChromeDriver
Command: [5044e1ef601e2948c988c0d0c666bb04, findElement {using=id, value=a_otp_1}]
Capabilities {acceptInsecureCerts: false, browserName: chrome, browserVersion: 139.0.7258.155, chrome: {chromedriverVersion: 139.0.7258.154 (9e0d6b2b47f..., userDataDir: C:\Users\CODITA~1\AppData\L...}, fedcm:accounts: true, goog:chromeOptions: {debuggerAddress: localhost:50818}, networkConnectionEnabled: false, pageLoadStrategy: normal, platformName: windows, proxy: Proxy(), se:cdp: ws://localhost:50818/devtoo..., se:cdpVersion: 139.0.7258.155, setWindowRect: true, strictFileInteractability: false, timeouts: {implicit: 0, pageLoad: 300000, script: 30000}, unhandledPromptBehavior: dismiss and notify, webauthn:extension:credBlob: true, webauthn:extension:largeBlob: true, webauthn:extension:minPinLength: true, webauthn:extension:prf: true, webauthn:virtualAuthenticators: true}
Session ID: 5044e1ef601e2948c988c0d0c666bb04
2025-09-04 14:41:13 INFO  ExtentReportListener:47 - Test Passed: Login
2025-09-04 14:41:13 INFO  Dashboard:32 - Clicked on Create Project
2025-09-04 14:41:14 INFO  Dashboard:41 - Entered project name: Development of a Scalable and Secure Cloud-Native Platform for Real-Time Analytics, Monitoring, and Automated Decision-Making Across Industries  579
2025-09-04 14:41:14 INFO  Dashboard:50 - Clicked on Save button
2025-09-04 14:41:14 INFO  ExtentReportListener:47 - Test Passed: CreateProject
2025-09-04 14:41:18 INFO  Step1:79 - Entered PAN: ABC1234
2025-09-04 14:41:20 INFO  Step1:93 - Enter AlterNate Number: 1234567899
2025-09-04 14:41:21 INFO  Step1:103 - Enter DesignationManager
2025-09-04 14:41:25 INFO  ExtentReportListener:87 - Upload popup closed successfully using FluentWait.
2025-09-04 14:41:25 INFO  Step1:116 - Uploaded File: C:\Users\Coditas-Admin\Documents\BCG\dummydummydummydummydummydummydummydummydummydummy.pdf
2025-09-04 14:41:26 ERROR ExtentReportListener:92 - Error while closing upload popup using FluentWait: stale element reference: stale element not found in the current frame
  (Session info: chrome=139.0.7258.155)
For documentation on this error, please visit: https://www.selenium.dev/documentation/webdriver/troubleshooting/errors#stale-element-reference-exception
Build info: version: '4.33.0', revision: '2c6aaad03a'
System info: os.name: 'Windows 10', os.arch: 'amd64', os.version: '10.0', java.version: '17.0.0.1'
Driver info: org.openqa.selenium.chrome.ChromeDriver
Command: [5044e1ef601e2948c988c0d0c666bb04, clickElement {id=f.34CA511B176759CEA2C435A97081B0A3.d.78D1D03FBB4A46841C2C41AA6F20BF7E.e.92}]
Capabilities {acceptInsecureCerts: false, browserName: chrome, browserVersion: 139.0.7258.155, chrome: {chromedriverVersion: 139.0.7258.154 (9e0d6b2b47f..., userDataDir: C:\Users\CODITA~1\AppData\L...}, fedcm:accounts: true, goog:chromeOptions: {debuggerAddress: localhost:50818}, networkConnectionEnabled: false, pageLoadStrategy: normal, platformName: windows, proxy: Proxy(), se:cdp: ws://localhost:50818/devtoo..., se:cdpVersion: 139.0.7258.155, setWindowRect: true, strictFileInteractability: false, timeouts: {implicit: 0, pageLoad: 300000, script: 30000}, unhandledPromptBehavior: dismiss and notify, webauthn:extension:credBlob: true, webauthn:extension:largeBlob: true, webauthn:extension:minPinLength: true, webauthn:extension:prf: true, webauthn:virtualAuthenticators: true}
Element: [[ChromeDriver: chrome on windows (5044e1ef601e2948c988c0d0c666bb04)] -> xpath: //button[@class='Toastify__close-button Toastify__close-button--light']]
Session ID: 5044e1ef601e2948c988c0d0c666bb04
2025-09-04 14:41:28 INFO  Step1:128 - Uploaded File: C:\Users\Coditas-Admin\Documents\BCG\dummydummydummydummydummydummydummydummydummydummy.pdf
2025-09-04 14:41:29 INFO  ExtentReportListener:87 - Upload popup closed successfully using FluentWait.
2025-09-04 14:41:31 INFO  Step1:140 - Uploaded File: C:\Users\Coditas-Admin\Documents\BCG\dummydummydummydummydummydummydummydummydummydummy.pdf
2025-09-04 14:41:33 INFO  ExtentReportListener:87 - Upload popup closed successfully using FluentWait.
2025-09-04 14:41:35 INFO  Step1:152 - Uploaded File: C:\Users\Coditas-Admin\Documents\BCG\dummydummydummydummydummydummydummydummydummydummy.pdf
2025-09-04 14:41:41 INFO  Step1:169 - Uploaded File: C:\Users\Coditas-Admin\Documents\BCG\dummydummydummydummydummydummydummydummydummydummy.pdf
2025-09-04 14:41:47 INFO  Step1:182 - Uploaded File: C:\Users\Coditas-Admin\Documents\BCG\dummydummydummydummydummydummydummydummydummydummy.pdf
2025-09-04 14:41:53 INFO  Step1:196 - Uploaded File: C:\Users\Coditas-Admin\Documents\BCG\dummydummydummydummydummydummydummydummydummydummy.pdf
2025-09-04 14:41:56 INFO  ExtentReportListener:47 - Test Passed: CreateProjectWithInvalidData
2025-09-04 14:41:57 INFO  ExtentReportListener:105 - Random option selected
2025-09-04 14:41:57 INFO  Step1:109 - Option selected : Complex Generic
2025-09-04 14:41:58 INFO  ExtentReportListener:105 - Random option selected
2025-09-04 14:41:58 INFO  Step1:124 - Sub-Priority Option clicked.
2025-09-04 14:41:59 INFO  ExtentReportListener:177 - Options Selected : Rare Disease in India
2025-09-04 14:41:59 INFO  ExtentReportListener:177 - Options Selected : Pandemic Preparedness priority pathogens
2025-09-04 14:41:59 INFO  ExtentReportListener:177 - Options Selected : Vaccine for vaccinepreventable diseases
2025-09-04 14:42:00 INFO  ExtentReportListener:177 - Options Selected : G1008
Disorders amenable to treatment with Hematopoietic Stem Cell Transplantation (HSCT)
>>MSUD (Maple Syrup Urine Disease)
2025-09-04 14:42:01 INFO  ExtentReportListener:177 - Options Selected : G1103
Disorders amenable to organ transplantation
>>MSUD (Maple Syrup Urine Disease)
2025-09-04 14:42:01 INFO  ExtentReportListener:177 - Options Selected : G2002
Disorders managed with special dietary formulae or Food for special medical purposes (FSMP)
>>Maple Syrup Urine Disease (MSUD)
2025-09-04 14:42:02 INFO  ExtentReportListener:177 - Options Selected : G2104
Disorders that are amenable to other forms of therapy (hormone/ specific drugs)
>>Cystic Fibrosis - Pancreatic enzyme supplement
2025-09-04 14:42:02 INFO  ExtentReportListener:177 - Options Selected : G3008
Based on the literature sufficient evidence for good long-term outcomes exists for the following disorders
>>DNAase for Cystic Fibrosis.
2025-09-04 14:42:03 INFO  ExtentReportListener:177 - Options Selected : G1106
Disorders amenable to organ transplantation
>>Fabry disease
2025-09-04 14:42:03 INFO  ExtentReportListener:177 - Options Selected : G3005
Based on the literature sufficient evidence for good long-term outcomes exists for the following disorders
>>Fabry Disease diagnosed before significant end organ damage
2025-09-04 14:42:04 INFO  ExtentReportListener:177 - Options Selected : G1007
Disorders amenable to treatment with Hematopoietic Stem Cell Transplantation (HSCT)
>>Glycogen storage disorders (GSD) I, III and IV due to poor metabolic control, multiple liver adenomas, or high risk for Hepatocellular carcinoma or evidence of substantial cirrhosis or liver dysfunction or progressive liver failure
2025-09-04 14:42:04 INFO  ExtentReportListener:177 - Options Selected : G1105
Disorders amenable to organ transplantation
>>Organic acidemias
2025-09-04 14:42:05 INFO  ExtentReportListener:177 - Options Selected : G1006
Disorders amenable to treatment with Hematopoietic Stem Cell Transplantation (HSCT)
>>Tyrosinemia
2025-09-04 15:04:40 INFO  SuiteSetup:54 - Configured Logger File
2025-09-04 15:04:44 INFO  ObjectRepository:22 - Login page object created
2025-09-04 15:04:44 INFO  ObjectRepository:31 - Login page object created
2025-09-04 15:04:44 INFO  ObjectRepository:40 - Dashboard page object created
2025-09-04 15:04:44 INFO  ObjectRepository:49 - Step1 page object created
2025-09-04 15:04:44 INFO  ObjectRepository:58 - Step2_Flow1 page object created
2025-09-04 15:04:47 INFO  ExtentReportListener:43 - URL launched: https://eoi.coditas.org/
2025-09-04 15:04:48 INFO  Projects:47 - clicked on applicant sign up/sign in button
2025-09-04 15:04:49 INFO  EntitySignIn:40 - clicked on Entity locker sign in button
2025-09-04 15:04:52 INFO  EntitySignIn:50 - Entered mobile number: 8007939513
2025-09-04 15:04:53 INFO  EntitySignIn:59 - Clicked on Next button
2025-09-04 15:04:53 INFO  EntitySignIn:68 - Entered profile pin: 020890
2025-09-04 15:04:53 INFO  EntitySignIn:59 - Clicked on Next button
2025-09-04 15:05:07 INFO  EntitySignIn:89 - OTP input not displayed : no such element: Unable to locate element: {"method":"css selector","selector":"#a_otp_1"}
  (Session info: chrome=139.0.7258.155)
For documentation on this error, please visit: https://www.selenium.dev/documentation/webdriver/troubleshooting/errors#no-such-element-exception
Build info: version: '4.33.0', revision: '2c6aaad03a'
System info: os.name: 'Windows 10', os.arch: 'amd64', os.version: '10.0', java.version: '17.0.0.1'
Driver info: org.openqa.selenium.chrome.ChromeDriver
Command: [9bdbaeb13ab1eb6038c4595896cc31a9, findElement {value=a_otp_1, using=id}]
Capabilities {acceptInsecureCerts: false, browserName: chrome, browserVersion: 139.0.7258.155, chrome: {chromedriverVersion: 139.0.7258.154 (9e0d6b2b47f..., userDataDir: C:\Users\CODITA~1\AppData\L...}, fedcm:accounts: true, goog:chromeOptions: {debuggerAddress: localhost:52470}, networkConnectionEnabled: false, pageLoadStrategy: normal, platformName: windows, proxy: Proxy(), se:cdp: ws://localhost:52470/devtoo..., se:cdpVersion: 139.0.7258.155, setWindowRect: true, strictFileInteractability: false, timeouts: {implicit: 0, pageLoad: 300000, script: 30000}, unhandledPromptBehavior: dismiss and notify, webauthn:extension:credBlob: true, webauthn:extension:largeBlob: true, webauthn:extension:minPinLength: true, webauthn:extension:prf: true, webauthn:virtualAuthenticators: true}
Session ID: 9bdbaeb13ab1eb6038c4595896cc31a9
2025-09-04 15:05:07 INFO  ExtentReportListener:47 - Test Passed: Login
2025-09-04 15:05:07 INFO  Dashboard:32 - Clicked on Create Project
2025-09-04 15:05:08 INFO  Dashboard:41 - Entered project name: Development of a Scalable and Secure Cloud-Native Platform for Real-Time Analytics, Monitoring, and Automated Decision-Making Across Industries  502
2025-09-04 15:05:08 INFO  Dashboard:50 - Clicked on Save button
2025-09-04 15:05:08 INFO  ExtentReportListener:47 - Test Passed: CreateProject
2025-09-04 15:05:11 INFO  Step1:94 - Research Project Priority dropdown clicked.
2025-09-04 15:05:12 INFO  Step1:96 - Research Project Priority option selected.
2025-09-04 15:05:12 INFO  Step1:108 - Research Project sub Priority dropdown clicked.
2025-09-04 15:05:12 INFO  Step1:110 - Research Project sub Priority option selected.
2025-09-04 15:05:12 INFO  ExtentReportListener:47 - Test Passed: step2Flow1
